5424
764
7549
2381
4698
6344
5080
5775
7931
5369
136
1410
1832
2906
1678
1413
4014
69
2570
3136
3873
2608
35
17776
27267
21896
56489
30764
19485
25565
15548
8972
55832
5987
28079
10349
52111
1939
18735
8752
2024
19700
4633
6745
969
1935
3768
18661
34075
2616
15606
6545
14203
17756
1868
12142
6538
5254
10994
6132
1
6185
44911
33900
55918
41952
2
28911
7092
31310
81506
41590
35111
70481
36685
3260
42972
77206
14534
6
16
1920
1360
35353
31944
69308
8355
99057
79243
91775
109451
23670
115187
11062
93098
9494
10830
94986
106438
110114
46567
20953
19935
156197
91916
15293
187807
50178
196190
191955
14
2
5768
19
5184
15960
17
37234
14000
17225
44421
23009
62439
20687
58424
48932
69261
11913
21440
68506
4288
10720
88522
72512
86358
7725
17170
44888
154559
25099
73359
138091
122665
772
143708
73727
45586
48703
31209
136290
45191
95694
155817
48726
18513
58696
210747
96365
165746
212845
60956
171412
