ans[9] = 1
ans[15] = 1
ans[16] = 1
ans[25] = 3
ans[36] = 2
ans[37] = 1
ans[49] = 3
ans[53] = 1
ans[64] = 3
ans[75] = 1
ans[77] = 2
ans[81] = 4
ans[94] = 1
ans[96] = 1
ans[100] = 4
ans[121] = 6
ans[127] = 1
ans[141] = 1
ans[144] = 5
ans[163] = 1
ans[169] = 6
ans[196] = 6
ans[197] = 1
ans[225] = 7
ans[235] = 1
ans[249] = 1
ans[256] = 7
ans[260] = 1
ans[273] = 2
ans[289] = 8
ans[297] = 1
ans[304] = 1
ans[324] = 8
ans[352] = 1
ans[361] = 9
ans[365] = 1
ans[385] = 1
ans[393] = 1
ans[400] = 9
ans[431] = 1
ans[433] = 1
ans[441] = 10
ans[484] = 10
ans[491] = 1
ans[527] = 1
ans[529] = 11
ans[537] = 1
ans[568] = 1
ans[573] = 1
ans[576] = 11
ans[611] = 1
ans[625] = 12
ans[646] = 1
ans[672] = 1
ans[676] = 12
ans[681] = 1
ans[685] = 1
ans[729] = 13
ans[745] = 1
ans[748] = 1
ans[757] = 2
ans[766] = 1
ans[784] = 13
ans[791] = 1
ans[823] = 1
ans[829] = 1
ans[837] = 1
ans[841] = 14
ans[872] = 1
ans[900] = 14
ans[901] = 1
ans[961] = 16
ans[989] = 1
ans[1023] = 1
ans[1024] = 15
ans[1031] = 1
ans[1068] = 1
ans[1089] = 16
ans[1107] = 1
ans[1117] = 1
ans[1156] = 16
ans[1184] = 1
ans[1225] = 17
ans[1261] = 1
ans[1275] = 1
ans[1296] = 17
ans[1321] = 1
ans[1360] = 1
ans[1365] = 1
ans[1369] = 18
ans[1396] = 1
ans[1405] = 1
ans[1444] = 18
ans[1449] = 1
ans[1457] = 2
ans[1521] = 19
ans[1527] = 1
ans[1553] = 1
ans[1600] = 19
ans[1621] = 1
ans[1648] = 1
ans[1681] = 20
ans[1745] = 1
ans[1752] = 1
ans[1764] = 20
ans[1765] = 1
ans[1808] = 1
ans[1849] = 21
ans[1863] = 1
ans[1905] = 1
ans[1936] = 22
ans[1999] = 1
ans[2025] = 22
ans[2033] = 1
ans[2041] = 1
ans[2107] = 1
ans[2116] = 22
ans[2160] = 1
ans[2209] = 23
ans[2237] = 1
ans[2283] = 1
ans[2304] = 23
ans[2323] = 1
ans[2341] = 1
ans[2357] = 1
ans[2401] = 24
ans[2417] = 1
ans[2430] = 1
ans[2473] = 1
ans[2500] = 24
ans[2517] = 1
ans[2528] = 1
ans[2566] = 1
ans[2601] = 25
ans[2647] = 1
ans[2661] = 1
ans[2704] = 25
ans[2769] = 1
ans[2781] = 1
ans[2787] = 1
ans[2809] = 26
ans[2813] = 1
ans[2836] = 1
ans[2897] = 1
ans[2916] = 26
ans[2976] = 1
ans[3021] = 1
ans[3025] = 27
ans[3079] = 1
ans[3088] = 1
ans[3136] = 27
ans[3166] = 1
ans[3212] = 1
ans[3249] = 28
ans[3277] = 1
ans[3364] = 28
ans[3381] = 1
ans[3421] = 1
ans[3455] = 1
ans[3473] = 1
ans[3481] = 29
ans[3537] = 1
ans[3587] = 1
ans[3592] = 1
ans[3600] = 29
ans[3619] = 1
ans[3721] = 30
ans[3725] = 1
ans[3844] = 30
ans[3851] = 1
ans[3861] = 1
ans[3865] = 1
ans[3957] = 1
ans[3969] = 31
ans[4033] = 1
ans[4096] = 31
ans[4115] = 1
ans[4117] = 2
ans[4121] = 1
ans[4129] = 1
ans[4145] = 1
ans[4164] = 1
ans[4176] = 1
ans[4200] = 2
ans[4208] = 1
ans[4225] = 32
ans[4247] = 1
ans[4267] = 1
ans[4273] = 1
ans[4352] = 1
ans[4356] = 32
ans[4393] = 1
ans[4461] = 1
ans[4480] = 1
ans[4489] = 33
ans[4509] = 1
ans[4537] = 1
ans[4600] = 1
ans[4624] = 33
ans[4761] = 34
ans[4775] = 1
ans[4825] = 1
ans[4881] = 1
ans[4885] = 1
ans[4897] = 1
ans[4900] = 34
ans[4965] = 1
ans[4976] = 1
ans[4992] = 1
ans[5023] = 1
ans[5041] = 35
ans[5093] = 1
ans[5181] = 1
ans[5184] = 35
ans[5201] = 1
ans[5257] = 1
ans[5293] = 1
ans[5329] = 36
ans[5435] = 1
ans[5476] = 36
ans[5487] = 1
ans[5576] = 1
ans[5584] = 1
ans[5613] = 1
ans[5625] = 37
ans[5643] = 1
ans[5776] = 37
ans[5833] = 1
ans[5887] = 1
ans[5929] = 38
ans[5948] = 1
ans[5955] = 1
ans[6021] = 1
ans[6084] = 38
ans[6101] = 1
ans[6112] = 1
ans[6157] = 1
ans[6227] = 1
ans[6241] = 39
ans[6372] = 1
ans[6400] = 40
ans[6423] = 1
ans[6553] = 1
ans[6561] = 40
ans[6598] = 1
ans[6649] = 1
ans[6721] = 1
ans[6724] = 40
ans[6749] = 1
ans[6750] = 1
ans[6776] = 1
ans[6805] = 1
ans[6889] = 41
ans[6917] = 2
ans[6961] = 1
ans[6981] = 1
ans[7047] = 1
ans[7056] = 41
ans[7057] = 1
ans[7151] = 1
ans[7225] = 42
ans[7253] = 1
ans[7269] = 1
ans[7366] = 1
ans[7372] = 1
ans[7396] = 42
ans[7417] = 1
ans[7512] = 1
ans[7569] = 43
ans[7601] = 1
ans[7744] = 43
ans[7757] = 1
ans[7773] = 1
ans[7827] = 1
ans[7921] = 44
ans[8061] = 1
ans[8073] = 1
ans[8100] = 44
ans[8101] = 1
ans[8128] = 1
ans[8191] = 1
ans[8207] = 1
ans[8208] = 1
ans[8281] = 45
ans[8304] = 1
ans[8371] = 1
ans[8425] = 1
ans[8429] = 1
ans[8464] = 45
ans[8576] = 1
ans[8649] = 46
ans[8731] = 1
ans[8763] = 1
ans[8817] = 1
ans[8836] = 46
ans[8992] = 1
ans[9025] = 47
ans[9053] = 1
ans[9214] = 1
ans[9216] = 47
ans[9269] = 1
ans[9271] = 1
ans[9325] = 1
ans[9332] = 1
ans[9395] = 1
ans[9409] = 48
ans[9477] = 1
ans[9577] = 1
ans[9600] = 1
ans[9604] = 48
ans[9701] = 1
ans[9797] = 1
ans[9801] = 49
ans[9825] = 1
ans[9855] = 1
ans[9991] = 1
ans[10000] = 49
